[2019-06-22 11:33:13,114] {__init__.py:1139} INFO - Dependencies all met for <TaskInstance: fhku_scraping_workflow.prepare_db_task 2019-06-22T09:23:13.931947+00:00 [queued]>
[2019-06-22 11:33:13,118] {__init__.py:1139} INFO - Dependencies all met for <TaskInstance: fhku_scraping_workflow.prepare_db_task 2019-06-22T09:23:13.931947+00:00 [queued]>
[2019-06-22 11:33:13,118] {__init__.py:1353} INFO - 
--------------------------------------------------------------------------------
[2019-06-22 11:33:13,118] {__init__.py:1354} INFO - Starting attempt 1 of 1
[2019-06-22 11:33:13,118] {__init__.py:1355} INFO - 
--------------------------------------------------------------------------------
[2019-06-22 11:33:13,123] {__init__.py:1374} INFO - Executing <Task(BashOperator): prepare_db_task> on 2019-06-22T09:23:13.931947+00:00
[2019-06-22 11:33:13,124] {base_task_runner.py:119} INFO - Running: ['airflow', 'run', 'fhku_scraping_workflow', 'prepare_db_task', '2019-06-22T09:23:13.931947+00:00', '--job_id', '59', '--raw', '-sd', 'DAGS_FOLDER/fhku_scraper.py', '--cfg_path', '/var/folders/0s/70dxz1bd1gxf97w1p6wbclgw34w1qq/T/tmpd099msmu']
[2019-06-22 11:33:13,656] {base_task_runner.py:101} INFO - Job 59: Subtask prepare_db_task /Library/Frameworks/Python.framework/Versions/3.7/lib/python3.7/site-packages/airflow/configuration.py:590: DeprecationWarning: You have two airflow.cfg files: /Users/martin/airflow/airflow.cfg and /Users/martin/dev1/fh/FH/MSc/03_sew/airflow/airflow_home/airflow.cfg. Airflow used to look at ~/airflow/airflow.cfg, even when AIRFLOW_HOME was set to a different value. Airflow will now only read /Users/martin/dev1/fh/FH/MSc/03_sew/airflow/airflow_home/airflow.cfg, and you should remove the other file
[2019-06-22 11:33:13,657] {base_task_runner.py:101} INFO - Job 59: Subtask prepare_db_task   category=DeprecationWarning,
[2019-06-22 11:33:13,891] {base_task_runner.py:101} INFO - Job 59: Subtask prepare_db_task [2019-06-22 11:33:13,890] {__init__.py:51} INFO - Using executor SequentialExecutor
[2019-06-22 11:33:14,150] {base_task_runner.py:101} INFO - Job 59: Subtask prepare_db_task [2019-06-22 11:33:14,149] {__init__.py:305} INFO - Filling up the DagBag from /Users/martin/dev1/fh/FH/MSc/03_sew/airflow/airflow_home/dags/fhku_scraper.py
[2019-06-22 11:33:14,166] {base_task_runner.py:101} INFO - Job 59: Subtask prepare_db_task [2019-06-22 11:33:14,166] {cli.py:517} INFO - Running <TaskInstance: fhku_scraping_workflow.prepare_db_task 2019-06-22T09:23:13.931947+00:00 [running]> on host macbook-wm.local
[2019-06-22 11:33:14,179] {bash_operator.py:81} INFO - Tmp dir root location: 
 /var/folders/0s/70dxz1bd1gxf97w1p6wbclgw34w1qq/T
[2019-06-22 11:33:14,179] {bash_operator.py:90} INFO - Exporting the following env vars:
AIRFLOW_CTX_DAG_ID=fhku_scraping_workflow
AIRFLOW_CTX_TASK_ID=prepare_db_task
AIRFLOW_CTX_EXECUTION_DATE=2019-06-22T09:23:13.931947+00:00
AIRFLOW_CTX_DAG_RUN_ID=manual__2019-06-22T09:23:13.931947+00:00
[2019-06-22 11:33:14,179] {bash_operator.py:104} INFO - Temporary script location: /var/folders/0s/70dxz1bd1gxf97w1p6wbclgw34w1qq/T/airflowtmpaatyikt8/prepare_db_task15rfc659
[2019-06-22 11:33:14,179] {bash_operator.py:114} INFO - Running command: python3 /Users/martin/dev1/fh/FH/MSc/03_sew/scrapping/declarations.py 
[2019-06-22 11:33:14,187] {bash_operator.py:123} INFO - Output:
[2019-06-22 11:33:14,390] {bash_operator.py:131} INFO - Command exited with return code 0
[2019-06-22 11:33:18,116] {logging_mixin.py:95} INFO - [2019-06-22 11:33:18,116] {jobs.py:2562} INFO - Task exited with return code 0
