[2019-06-22 11:33:54,820] {__init__.py:1139} INFO - Dependencies all met for <TaskInstance: fhku_scraping_workflow.prepare_db_task 2019-06-22T08:00:00+00:00 [queued]>
[2019-06-22 11:33:54,823] {__init__.py:1139} INFO - Dependencies all met for <TaskInstance: fhku_scraping_workflow.prepare_db_task 2019-06-22T08:00:00+00:00 [queued]>
[2019-06-22 11:33:54,824] {__init__.py:1353} INFO - 
--------------------------------------------------------------------------------
[2019-06-22 11:33:54,824] {__init__.py:1354} INFO - Starting attempt 1 of 1
[2019-06-22 11:33:54,824] {__init__.py:1355} INFO - 
--------------------------------------------------------------------------------
[2019-06-22 11:33:54,830] {__init__.py:1374} INFO - Executing <Task(BashOperator): prepare_db_task> on 2019-06-22T08:00:00+00:00
[2019-06-22 11:33:54,830] {base_task_runner.py:119} INFO - Running: ['airflow', 'run', 'fhku_scraping_workflow', 'prepare_db_task', '2019-06-22T08:00:00+00:00', '--job_id', '65', '--raw', '-sd', 'DAGS_FOLDER/fhku_scraper.py', '--cfg_path', '/var/folders/0s/70dxz1bd1gxf97w1p6wbclgw34w1qq/T/tmp9b0f7fg5']
[2019-06-22 11:33:55,348] {base_task_runner.py:101} INFO - Job 65: Subtask prepare_db_task /Library/Frameworks/Python.framework/Versions/3.7/lib/python3.7/site-packages/airflow/configuration.py:590: DeprecationWarning: You have two airflow.cfg files: /Users/martin/airflow/airflow.cfg and /Users/martin/dev1/fh/FH/MSc/03_sew/airflow/airflow_home/airflow.cfg. Airflow used to look at ~/airflow/airflow.cfg, even when AIRFLOW_HOME was set to a different value. Airflow will now only read /Users/martin/dev1/fh/FH/MSc/03_sew/airflow/airflow_home/airflow.cfg, and you should remove the other file
[2019-06-22 11:33:55,348] {base_task_runner.py:101} INFO - Job 65: Subtask prepare_db_task   category=DeprecationWarning,
[2019-06-22 11:33:55,586] {base_task_runner.py:101} INFO - Job 65: Subtask prepare_db_task [2019-06-22 11:33:55,586] {__init__.py:51} INFO - Using executor SequentialExecutor
[2019-06-22 11:33:55,827] {base_task_runner.py:101} INFO - Job 65: Subtask prepare_db_task [2019-06-22 11:33:55,827] {__init__.py:305} INFO - Filling up the DagBag from /Users/martin/dev1/fh/FH/MSc/03_sew/airflow/airflow_home/dags/fhku_scraper.py
[2019-06-22 11:33:55,845] {base_task_runner.py:101} INFO - Job 65: Subtask prepare_db_task [2019-06-22 11:33:55,845] {cli.py:517} INFO - Running <TaskInstance: fhku_scraping_workflow.prepare_db_task 2019-06-22T08:00:00+00:00 [running]> on host macbook-wm.local
[2019-06-22 11:33:55,858] {bash_operator.py:81} INFO - Tmp dir root location: 
 /var/folders/0s/70dxz1bd1gxf97w1p6wbclgw34w1qq/T
[2019-06-22 11:33:55,858] {bash_operator.py:90} INFO - Exporting the following env vars:
AIRFLOW_CTX_DAG_ID=fhku_scraping_workflow
AIRFLOW_CTX_TASK_ID=prepare_db_task
AIRFLOW_CTX_EXECUTION_DATE=2019-06-22T08:00:00+00:00
AIRFLOW_CTX_DAG_RUN_ID=scheduled__2019-06-22T08:00:00+00:00
[2019-06-22 11:33:55,859] {bash_operator.py:104} INFO - Temporary script location: /var/folders/0s/70dxz1bd1gxf97w1p6wbclgw34w1qq/T/airflowtmpi3wn37fr/prepare_db_task2x0a4fpr
[2019-06-22 11:33:55,859] {bash_operator.py:114} INFO - Running command: python3 /Users/martin/dev1/fh/FH/MSc/03_sew/scrapping/declarations.py
[2019-06-22 11:33:55,866] {bash_operator.py:123} INFO - Output:
[2019-06-22 11:33:56,073] {bash_operator.py:131} INFO - Command exited with return code 0
[2019-06-22 11:33:59,824] {logging_mixin.py:95} INFO - [2019-06-22 11:33:59,824] {jobs.py:2562} INFO - Task exited with return code 0
