[2019-06-22 09:19:05,603] {__init__.py:1139} INFO - Dependencies all met for <TaskInstance: first_workflow.second_task 2019-06-22T07:17:51.160791+00:00 [queued]>
[2019-06-22 09:19:05,610] {__init__.py:1139} INFO - Dependencies all met for <TaskInstance: first_workflow.second_task 2019-06-22T07:17:51.160791+00:00 [queued]>
[2019-06-22 09:19:05,610] {__init__.py:1353} INFO - 
--------------------------------------------------------------------------------
[2019-06-22 09:19:05,610] {__init__.py:1354} INFO - Starting attempt 1 of 1
[2019-06-22 09:19:05,610] {__init__.py:1355} INFO - 
--------------------------------------------------------------------------------
[2019-06-22 09:19:05,615] {__init__.py:1374} INFO - Executing <Task(PythonOperator): second_task> on 2019-06-22T07:17:51.160791+00:00
[2019-06-22 09:19:05,615] {base_task_runner.py:119} INFO - Running: ['airflow', 'run', 'first_workflow', 'second_task', '2019-06-22T07:17:51.160791+00:00', '--job_id', '10', '--raw', '-sd', 'DAGS_FOLDER/first_workflow.py', '--cfg_path', '/var/folders/0s/70dxz1bd1gxf97w1p6wbclgw34w1qq/T/tmpyzgf5ru2']
[2019-06-22 09:19:06,055] {base_task_runner.py:101} INFO - Job 10: Subtask second_task /Library/Frameworks/Python.framework/Versions/3.7/lib/python3.7/site-packages/airflow/configuration.py:590: DeprecationWarning: You have two airflow.cfg files: /Users/martin/airflow/airflow.cfg and /Users/martin/dev1/fh/FH/MSc/03_sew/airflow/airflow_home/airflow.cfg. Airflow used to look at ~/airflow/airflow.cfg, even when AIRFLOW_HOME was set to a different value. Airflow will now only read /Users/martin/dev1/fh/FH/MSc/03_sew/airflow/airflow_home/airflow.cfg, and you should remove the other file
[2019-06-22 09:19:06,055] {base_task_runner.py:101} INFO - Job 10: Subtask second_task   category=DeprecationWarning,
[2019-06-22 09:19:06,252] {base_task_runner.py:101} INFO - Job 10: Subtask second_task [2019-06-22 09:19:06,252] {__init__.py:51} INFO - Using executor SequentialExecutor
[2019-06-22 09:19:06,477] {base_task_runner.py:101} INFO - Job 10: Subtask second_task [2019-06-22 09:19:06,476] {__init__.py:305} INFO - Filling up the DagBag from /Users/martin/dev1/fh/FH/MSc/03_sew/airflow/airflow_home/dags/first_workflow.py
[2019-06-22 09:19:06,493] {base_task_runner.py:101} INFO - Job 10: Subtask second_task [2019-06-22 09:19:06,493] {cli.py:517} INFO - Running <TaskInstance: first_workflow.second_task 2019-06-22T07:17:51.160791+00:00 [running]> on host macbook-wm.local
[2019-06-22 09:19:06,503] {python_operator.py:104} INFO - Exporting the following env vars:
AIRFLOW_CTX_DAG_ID=first_workflow
AIRFLOW_CTX_TASK_ID=second_task
AIRFLOW_CTX_EXECUTION_DATE=2019-06-22T07:17:51.160791+00:00
AIRFLOW_CTX_DAG_RUN_ID=manual__2019-06-22T07:17:51.160791+00:00
[2019-06-22 09:19:06,503] {python_operator.py:113} INFO - Done. Returned value was: World
[2019-06-22 09:19:10,602] {logging_mixin.py:95} INFO - [2019-06-22 09:19:10,601] {jobs.py:2562} INFO - Task exited with return code 0
