[2019-06-22 11:33:25,338] {__init__.py:1139} INFO - Dependencies all met for <TaskInstance: fhku_scraping_workflow.prepare_db_task 2019-06-22T09:32:43.931766+00:00 [queued]>
[2019-06-22 11:33:25,341] {__init__.py:1139} INFO - Dependencies all met for <TaskInstance: fhku_scraping_workflow.prepare_db_task 2019-06-22T09:32:43.931766+00:00 [queued]>
[2019-06-22 11:33:25,341] {__init__.py:1353} INFO - 
--------------------------------------------------------------------------------
[2019-06-22 11:33:25,341] {__init__.py:1354} INFO - Starting attempt 1 of 1
[2019-06-22 11:33:25,341] {__init__.py:1355} INFO - 
--------------------------------------------------------------------------------
[2019-06-22 11:33:25,347] {__init__.py:1374} INFO - Executing <Task(BashOperator): prepare_db_task> on 2019-06-22T09:32:43.931766+00:00
[2019-06-22 11:33:25,347] {base_task_runner.py:119} INFO - Running: ['airflow', 'run', 'fhku_scraping_workflow', 'prepare_db_task', '2019-06-22T09:32:43.931766+00:00', '--job_id', '61', '--raw', '-sd', 'DAGS_FOLDER/fhku_scraper.py', '--cfg_path', '/var/folders/0s/70dxz1bd1gxf97w1p6wbclgw34w1qq/T/tmpaor4ib86']
[2019-06-22 11:33:25,825] {base_task_runner.py:101} INFO - Job 61: Subtask prepare_db_task /Library/Frameworks/Python.framework/Versions/3.7/lib/python3.7/site-packages/airflow/configuration.py:590: DeprecationWarning: You have two airflow.cfg files: /Users/martin/airflow/airflow.cfg and /Users/martin/dev1/fh/FH/MSc/03_sew/airflow/airflow_home/airflow.cfg. Airflow used to look at ~/airflow/airflow.cfg, even when AIRFLOW_HOME was set to a different value. Airflow will now only read /Users/martin/dev1/fh/FH/MSc/03_sew/airflow/airflow_home/airflow.cfg, and you should remove the other file
[2019-06-22 11:33:25,826] {base_task_runner.py:101} INFO - Job 61: Subtask prepare_db_task   category=DeprecationWarning,
[2019-06-22 11:33:26,046] {base_task_runner.py:101} INFO - Job 61: Subtask prepare_db_task [2019-06-22 11:33:26,045] {__init__.py:51} INFO - Using executor SequentialExecutor
[2019-06-22 11:33:26,289] {base_task_runner.py:101} INFO - Job 61: Subtask prepare_db_task [2019-06-22 11:33:26,289] {__init__.py:305} INFO - Filling up the DagBag from /Users/martin/dev1/fh/FH/MSc/03_sew/airflow/airflow_home/dags/fhku_scraper.py
[2019-06-22 11:33:26,306] {base_task_runner.py:101} INFO - Job 61: Subtask prepare_db_task [2019-06-22 11:33:26,305] {cli.py:517} INFO - Running <TaskInstance: fhku_scraping_workflow.prepare_db_task 2019-06-22T09:32:43.931766+00:00 [running]> on host macbook-wm.local
[2019-06-22 11:33:26,318] {bash_operator.py:81} INFO - Tmp dir root location: 
 /var/folders/0s/70dxz1bd1gxf97w1p6wbclgw34w1qq/T
[2019-06-22 11:33:26,318] {bash_operator.py:90} INFO - Exporting the following env vars:
AIRFLOW_CTX_DAG_ID=fhku_scraping_workflow
AIRFLOW_CTX_TASK_ID=prepare_db_task
AIRFLOW_CTX_EXECUTION_DATE=2019-06-22T09:32:43.931766+00:00
AIRFLOW_CTX_DAG_RUN_ID=manual__2019-06-22T09:32:43.931766+00:00
[2019-06-22 11:33:26,318] {bash_operator.py:104} INFO - Temporary script location: /var/folders/0s/70dxz1bd1gxf97w1p6wbclgw34w1qq/T/airflowtmpazt3tdqr/prepare_db_task0yxe3ftn
[2019-06-22 11:33:26,318] {bash_operator.py:114} INFO - Running command: python3 /Users/martin/dev1/fh/FH/MSc/03_sew/scrapping/declarations.py 
[2019-06-22 11:33:26,325] {bash_operator.py:123} INFO - Output:
[2019-06-22 11:33:26,540] {bash_operator.py:131} INFO - Command exited with return code 0
[2019-06-22 11:33:30,340] {logging_mixin.py:95} INFO - [2019-06-22 11:33:30,340] {jobs.py:2562} INFO - Task exited with return code 0
