[2019-06-22 11:33:06,920] {__init__.py:1139} INFO - Dependencies all met for <TaskInstance: fhku_scraping_workflow.prepare_db_task 2019-06-22T09:12:59.755598+00:00 [queued]>
[2019-06-22 11:33:06,924] {__init__.py:1139} INFO - Dependencies all met for <TaskInstance: fhku_scraping_workflow.prepare_db_task 2019-06-22T09:12:59.755598+00:00 [queued]>
[2019-06-22 11:33:06,924] {__init__.py:1353} INFO - 
--------------------------------------------------------------------------------
[2019-06-22 11:33:06,924] {__init__.py:1354} INFO - Starting attempt 1 of 1
[2019-06-22 11:33:06,924] {__init__.py:1355} INFO - 
--------------------------------------------------------------------------------
[2019-06-22 11:33:06,930] {__init__.py:1374} INFO - Executing <Task(BashOperator): prepare_db_task> on 2019-06-22T09:12:59.755598+00:00
[2019-06-22 11:33:06,930] {base_task_runner.py:119} INFO - Running: ['airflow', 'run', 'fhku_scraping_workflow', 'prepare_db_task', '2019-06-22T09:12:59.755598+00:00', '--job_id', '58', '--raw', '-sd', 'DAGS_FOLDER/fhku_scraper.py', '--cfg_path', '/var/folders/0s/70dxz1bd1gxf97w1p6wbclgw34w1qq/T/tmpge4t1gt2']
[2019-06-22 11:33:07,423] {base_task_runner.py:101} INFO - Job 58: Subtask prepare_db_task /Library/Frameworks/Python.framework/Versions/3.7/lib/python3.7/site-packages/airflow/configuration.py:590: DeprecationWarning: You have two airflow.cfg files: /Users/martin/airflow/airflow.cfg and /Users/martin/dev1/fh/FH/MSc/03_sew/airflow/airflow_home/airflow.cfg. Airflow used to look at ~/airflow/airflow.cfg, even when AIRFLOW_HOME was set to a different value. Airflow will now only read /Users/martin/dev1/fh/FH/MSc/03_sew/airflow/airflow_home/airflow.cfg, and you should remove the other file
[2019-06-22 11:33:07,423] {base_task_runner.py:101} INFO - Job 58: Subtask prepare_db_task   category=DeprecationWarning,
[2019-06-22 11:33:07,654] {base_task_runner.py:101} INFO - Job 58: Subtask prepare_db_task [2019-06-22 11:33:07,654] {__init__.py:51} INFO - Using executor SequentialExecutor
[2019-06-22 11:33:07,932] {base_task_runner.py:101} INFO - Job 58: Subtask prepare_db_task [2019-06-22 11:33:07,931] {__init__.py:305} INFO - Filling up the DagBag from /Users/martin/dev1/fh/FH/MSc/03_sew/airflow/airflow_home/dags/fhku_scraper.py
[2019-06-22 11:33:07,953] {base_task_runner.py:101} INFO - Job 58: Subtask prepare_db_task [2019-06-22 11:33:07,953] {cli.py:517} INFO - Running <TaskInstance: fhku_scraping_workflow.prepare_db_task 2019-06-22T09:12:59.755598+00:00 [running]> on host macbook-wm.local
[2019-06-22 11:33:07,968] {bash_operator.py:81} INFO - Tmp dir root location: 
 /var/folders/0s/70dxz1bd1gxf97w1p6wbclgw34w1qq/T
[2019-06-22 11:33:07,969] {bash_operator.py:90} INFO - Exporting the following env vars:
AIRFLOW_CTX_DAG_ID=fhku_scraping_workflow
AIRFLOW_CTX_TASK_ID=prepare_db_task
AIRFLOW_CTX_EXECUTION_DATE=2019-06-22T09:12:59.755598+00:00
AIRFLOW_CTX_DAG_RUN_ID=manual__2019-06-22T09:12:59.755598+00:00
[2019-06-22 11:33:07,969] {bash_operator.py:104} INFO - Temporary script location: /var/folders/0s/70dxz1bd1gxf97w1p6wbclgw34w1qq/T/airflowtmp7e1m67yy/prepare_db_task9vo8jrvm
[2019-06-22 11:33:07,969] {bash_operator.py:114} INFO - Running command: python3 /Users/martin/dev1/fh/FH/MSc/03_sew/scrapping/declarations.py 
[2019-06-22 11:33:07,980] {bash_operator.py:123} INFO - Output:
[2019-06-22 11:33:08,203] {bash_operator.py:131} INFO - Command exited with return code 0
[2019-06-22 11:33:11,922] {logging_mixin.py:95} INFO - [2019-06-22 11:33:11,922] {jobs.py:2562} INFO - Task exited with return code 0
